Data: 4clusters.csv
Number of Clusters: 4
Standardized Data: True

Intercluster Distances (Standardized):
          0         1         2         3
0       0.0  2.126775  3.074338  2.338763
1  2.126775       0.0  0.959533  1.963025
2  3.074338  0.959533       0.0  2.594266
3  2.338763  1.963025  2.594266       0.0

--------------------------------------------------------------------------------
--------------------------------------------------------------------------------

Cluster: 0
Center (Standardized): -1.3125616653484635, 0.7063112267447264
Center (Unstandardized): 11.916666666666668, 37.833333333333336
Max Dist. to Center (Standardized):  1.0380366374237209
Min Dist. to Center (Standardized):  0.01523428360408755
Avg Dist. to Center (Standardized):  0.38817261552203014
Sum of Squared Error (Standardized): 2.493207575851013
12 Points (Standardized):
-1.464617433631761, 1.0494370095429864
-1.6232843222752018, 0.967086821671404
-1.2266171006665998, 0.8847366337998216
-1.7026177665969222, 0.8023864459282392
-1.5439508779534814, 0.7200362580566567
-1.3059505449883202, 0.7200362580566567
-0.7506164347362774, 0.7200362580566567
-0.274615768805955, 0.7200362580566567
-1.7819512109186424, 0.6376860701850743
-1.2266171006665998, 0.4729856944419094
-1.5439508779534814, 0.390635506570327
-1.3059505449883202, 0.390635506570327
12 Points (Unstandardized):
10, 42
8, 41
13, 40
7, 39
9, 38
12, 38
19, 38
25, 38
6, 37
13, 35
9, 34
12, 34

--------------------------------------------------------------------------------

Cluster: 1
Center (Standardized): 0.21969261504476426, -0.7686017534681026
Center (Unstandardized): 31.23076923076923, 19.923076923076923
Max Dist. to Center (Standardized):  0.7558281051382058
Min Dist. to Center (Standardized):  0.15942045669266633
Avg Dist. to Center (Standardized):  0.5283307490477436
Sum of Squared Error (Standardized): 3.9955959644977086
13 Points (Standardized):
0.2807183414460876, -0.18581580853075
-0.1952823244842347, -0.3505161842739149
0.8360524516981304, -0.4328663721454973
0.4393852300895284, -0.5152165600170797
0.6773855630546897, -0.5152165600170797
-0.5126161017711163, -0.5975667478886622
0.75671900737641, -0.6799169357602446
0.5187186744112489, -0.762267123631827
0.2013848971243672, -0.926967499374992
-0.1952823244842347, -1.0916678751181568
0.2013848971243672, -1.338718438732904
-0.1952823244842347, -1.0916678751181568
0.0427180084809264, -1.503418814476069
13 Points (Unstandardized):
32, 27
26, 25
39, 24
34, 23
37, 23
22, 22
38, 21
35, 20
31, 18
26, 16
31, 13
26, 16
29, 11

--------------------------------------------------------------------------------

Cluster: 2
Center (Standardized): 0.772585696240754, -1.5528289271990183
Center (Unstandardized): 38.2, 10.400000000000002
Max Dist. to Center (Standardized):  0.33684404385811634
Min Dist. to Center (Standardized):  0.10073784745289123
Avg Dist. to Center (Standardized):  0.23171422937987324
Sum of Squared Error (Standardized): 0.30756506883229956
5 Points (Standardized):
0.75671900737641, -1.338718438732904
0.4393852300895284, -1.503418814476069
0.6773855630546897, -1.5857690023476514
0.9153858960198508, -1.6681191902192338
1.0740527846632917, -1.6681191902192338
5 Points (Unstandardized):
38, 13
34, 11
37, 10
40, 9
42, 9

--------------------------------------------------------------------------------

Cluster: 3
Center (Standardized): 1.003534167488429, 1.0311369677937459
Center (Unstandardized): 41.111111111111114, 41.77777777777778
Max Dist. to Center (Standardized):  0.34149231380667283
Min Dist. to Center (Standardized):  0.06465386605549836
Avg Dist. to Center (Standardized):  0.23514523020831263
Sum of Squared Error (Standardized): 0.5623816704729788
9 Points (Standardized):
0.9947193403415712, 1.2964875731577337
0.8360524516981304, 1.2141373852861512
1.0740527846632917, 1.1317871974145688
1.2327196733067325, 1.1317871974145688
0.75671900737641, 1.0494370095429864
0.9947193403415712, 0.967086821671404
1.312053117628453, 0.8847366337998216
0.75671900737641, 0.8023864459282392
1.0740527846632917, 0.8023864459282392
9 Points (Unstandardized):
41, 45
39, 44
42, 43
44, 43
38, 42
41, 41
45, 40
38, 39
42, 39

