Data: 4clusters.csv
Number of Clusters: 4
Standardized Data: True

Intercluster Distances (Standardized):
          0         1         2         3
0  0.000000  1.922725  2.113730  2.502638
1  1.922725  0.000000  1.547739  0.960076
2  2.113730  1.547739  0.000000  2.497659
3  2.502638  0.960076  2.497659  0.000000

--------------------------------------------------------------------------------
--------------------------------------------------------------------------------

Cluster: 0
Center (Standardized): 0.37327402648809477, -0.9864426350600236
Center (Unstandardized): 33.166666666666664, 17.27777777777778
Max Dist. to Center (Standardized):  0.9776368414515172
Min Dist. to Center (Standardized):  0.18188778012327594
Avg Dist. to Center (Standardized):  0.6138483402008063
Sum of Squared Error (Standardized): 7.627921936185808
18 Points (Standardized):
0.28071834144608765, -0.18581580853075003
-0.1952823244842347, -0.3505161842739149
0.8360524516981304, -0.43286637214549734
0.43938523008952846, -0.5152165600170797
0.6773855630546897, -0.5152165600170797
-0.5126161017711163, -0.5975667478886622
0.75671900737641, -0.6799169357602446
0.5187186744112489, -0.762267123631827
0.20138489712436727, -0.9269674993749919
-0.1952823244842347, -1.0916678751181568
0.20138489712436727, -1.338718438732904
-0.1952823244842347, -1.0916678751181568
0.75671900737641, -1.338718438732904
0.042718008480926495, -1.503418814476069
0.43938523008952846, -1.503418814476069
0.6773855630546897, -1.5857690023476514
0.9153858960198508, -1.6681191902192338
1.0740527846632917, -1.6681191902192338
18 Points (Unstandardized):
32, 27
26, 25
39, 24
34, 23
37, 23
22, 22
38, 21
35, 20
31, 18
26, 16
31, 13
26, 16
38, 13
29, 11
34, 11
37, 10
40, 9
42, 9

--------------------------------------------------------------------------------

Cluster: 1
Center (Standardized): -0.5126161017711162, 0.7200362580566567
Center (Unstandardized): 22.0, 38.0
Max Dist. to Center (Standardized):  0.2380003329651612
Min Dist. to Center (Standardized):  0.2380003329651611
Avg Dist. to Center (Standardized):  0.23800033296516115
Sum of Squared Error (Standardized): 0.11328831698305515
2 Points (Standardized):
-0.7506164347362774, 0.7200362580566567
-0.27461576880595506, 0.7200362580566567
2 Points (Unstandardized):
19, 38
25, 38

--------------------------------------------------------------------------------

Cluster: 2
Center (Standardized): 1.003534167488429, 1.0311369677937459
Center (Unstandardized): 41.111111111111114, 41.77777777777778
Max Dist. to Center (Standardized):  0.3414923138066726
Min Dist. to Center (Standardized):  0.06465386605549836
Avg Dist. to Center (Standardized):  0.23514523020831257
Sum of Squared Error (Standardized): 0.5623816704729785
9 Points (Standardized):
0.9947193403415712, 1.2964875731577337
0.8360524516981304, 1.2141373852861512
1.0740527846632917, 1.1317871974145688
1.2327196733067323, 1.1317871974145688
0.75671900737641, 1.0494370095429864
0.9947193403415712, 0.967086821671404
1.3120531176284527, 0.8847366337998216
0.75671900737641, 0.8023864459282392
1.0740527846632917, 0.8023864459282392
9 Points (Unstandardized):
41, 45
39, 44
42, 43
44, 43
38, 42
41, 41
45, 40
38, 39
42, 39

--------------------------------------------------------------------------------

Cluster: 3
Center (Standardized): -1.4725507780639329, 0.7035662204823401
Center (Unstandardized): 9.900000000000002, 37.8
Max Dist. to Center (Standardized):  0.3545155417895394
Min Dist. to Center (Standardized):  0.07327507353757423
Avg Dist. to Center (Standardized):  0.27750329122332
Sum of Squared Error (Standardized): 0.8436761840561338
10 Points (Standardized):
-1.464617433631761, 1.0494370095429864
-1.6232843222752018, 0.967086821671404
-1.2266171006665998, 0.8847366337998216
-1.7026177665969222, 0.8023864459282392
-1.5439508779534814, 0.7200362580566567
-1.3059505449883202, 0.7200362580566567
-1.7819512109186424, 0.6376860701850743
-1.2266171006665998, 0.4729856944419094
-1.5439508779534814, 0.390635506570327
-1.3059505449883202, 0.390635506570327
10 Points (Unstandardized):
10, 42
8, 41
13, 40
7, 39
9, 38
12, 38
6, 37
13, 35
9, 34
12, 34

