Data: AccidentsSet03.csv
Number of Clusters: 4
Standardized Data: True

Intercluster Distances (Standardized):
          0         1         2         3
0  0.000000  5.613891  4.401486  4.512080
1  5.613891  0.000000  3.154683  3.837833
2  4.401486  3.154683  0.000000  2.031135
3  4.512080  3.837833  2.031135  0.000000

--------------------------------------------------------------------------------
--------------------------------------------------------------------------------

Cluster: 0
Center (Standardized):
        0         1         2        3        4
-0.537158 -0.933503 -0.462488 3.545657 1.816644
Center (Unstandardized)
  0   1        2        3   4
1.0 0.0 2.666667 2.333333 2.0
Max Dist. to Center (Standardized):  2.7230506742686424
Min Dist. to Center (Standardized):  1.165421027047077
Avg Dist. to Center (Standardized):  1.9053813727647837
Sum of Squared Error (Standardized): 12.113597608702886
3 Points (Standardized):
        0         1         2        3        4
-0.537158 -0.933503  0.871198 5.457229 3.224543
-0.537158 -0.933503 -1.129331 2.589871 1.816644
-0.537158 -0.933503 -1.129331 2.589871 0.408745
3 Points (Unstandardized):
 VE_TOTAL   PEDS   NO_LANES   FATALS   DRUNK_DR
      1.0    0.0        4.0      3.0        3.0
      1.0    0.0        2.0      2.0        2.0
      1.0    0.0        2.0      2.0        1.0

--------------------------------------------------------------------------------

Cluster: 1
Center (Standardized):
       0         1        2         3         4
2.727919 -0.933503 0.871198 -0.277486 -0.295205
Center (Unstandardized)
  0   1   2   3   4
6.0 0.0 4.0 1.0 0.5
Max Dist. to Center (Standardized):  2.705256223801189
Min Dist. to Center (Standardized):  0.9601948805139766
Avg Dist. to Center (Standardized):  1.5273277278330406
Sum of Squared Error (Standardized): 11.36362126768078
4 Points (Standardized):
       0         1        2         3         4
2.074904 -0.933503 0.871198 -0.277486  0.408745
2.074904 -0.933503 0.871198 -0.277486 -0.999154
1.421888 -0.933503 0.871198 -0.277486 -0.999154
5.339981 -0.933503 0.871198 -0.277486  0.408745
4 Points (Unstandardized):
 VE_TOTAL   PEDS   NO_LANES   FATALS   DRUNK_DR
      5.0    0.0        4.0      1.0        1.0
      5.0    0.0        4.0      1.0        0.0
      4.0    0.0        4.0      1.0        0.0
     10.0    0.0        4.0      1.0        1.0

--------------------------------------------------------------------------------

Cluster: 2
Center (Standardized):
        0         1         2         3         4
-0.091196 -0.159379 -0.299843 -0.137615 -0.415391
Center (Unstandardized)
       0        1        2       3        4
1.682927 0.414634 2.829268 1.04878 0.414634
Max Dist. to Center (Standardized):  3.1542749515842567
Min Dist. to Center (Standardized):  1.3002051396223475
Avg Dist. to Center (Standardized):  1.718434825609884
Sum of Squared Error (Standardized): 126.45824814756342
41 Points (Standardized):
        0         1         2         3         4
 0.768873 -0.933503 -1.129331 -0.277486 -0.999154
 0.115858 -0.933503 -1.129331 -0.277486 -0.999154
 0.768873 -0.933503 -1.129331 -0.277486  0.408745
 1.421888 -0.933503 -1.129331 -0.277486 -0.999154
 0.115858 -0.933503 -1.129331 -0.277486 -0.999154
 0.768873  0.933503 -1.129331 -0.277486 -0.999154
 0.768873  0.933503 -1.129331 -0.277486  0.408745
 1.421888 -0.933503 -1.129331 -0.277486 -0.999154
-0.537158 -0.933503  0.871198  2.589871 -0.999154
 0.768873 -0.933503  0.871198 -0.277486  0.408745
 0.768873 -0.933503  0.871198 -0.277486 -0.999154
-0.537158 -0.933503 -1.129331 -0.277486 -0.999154
 0.115858 -0.933503  0.871198  2.589871 -0.999154
 0.768873 -0.933503  0.871198 -0.277486 -0.999154
 0.768873 -0.933503  0.871198 -0.277486  0.408745
-0.537158 -0.933503  0.871198 -0.277486  0.408745
 0.768873 -0.933503  0.871198 -0.277486 -0.999154
-0.537158  0.933503 -1.129331 -0.277486  0.408745
-0.537158 -0.933503 -1.129331 -0.277486  0.408745
-0.537158 -0.933503 -1.129331 -0.277486  0.408745
-0.537158 -0.933503 -1.129331 -0.277486  0.408745
-0.537158 -0.933503 -1.129331 -0.277486  0.408745
-0.537158 -0.933503 -1.129331 -0.277486  0.408745
-0.537158 -0.933503 -1.129331 -0.277486  0.408745
-0.537158 -0.933503 -1.129331 -0.277486  0.408745
 0.115858  0.933503 -1.129331 -0.277486  0.408745
-0.537158  0.933503 -1.129331 -0.277486  0.408745
-0.537158 -0.933503 -1.129331 -0.277486  0.408745
-0.537158 -0.933503 -1.129331 -0.277486  0.408745
-0.537158  0.933503 -1.129331 -0.277486 -0.999154
-0.537158  0.933503 -1.129331 -0.277486 -0.999154
-0.537158  0.933503 -1.129331 -0.277486 -0.999154
-0.537158  0.933503  0.871198 -0.277486 -0.999154
-0.537158  0.933503  0.871198 -0.277486 -0.999154
-0.537158  0.933503  0.871198 -0.277486 -0.999154
-0.537158  0.933503  0.871198 -0.277486 -0.999154
-0.537158  0.933503  0.871198 -0.277486 -0.999154
-0.537158  0.933503  0.871198 -0.277486 -0.999154
-0.537158  0.933503  0.871198 -0.277486 -0.999154
-0.537158  0.933503  0.871198 -0.277486 -0.999154
-0.537158  0.933503  0.871198 -0.277486 -0.999154
41 Points (Unstandardized):
 VE_TOTAL   PEDS   NO_LANES   FATALS   DRUNK_DR
      3.0    0.0        2.0      1.0        0.0
      2.0    0.0        2.0      1.0        0.0
      3.0    0.0        2.0      1.0        1.0
      4.0    0.0        2.0      1.0        0.0
      2.0    0.0        2.0      1.0        0.0
      3.0    1.0        2.0      1.0        0.0
      3.0    1.0        2.0      1.0        1.0
      4.0    0.0        2.0      1.0        0.0
      1.0    0.0        4.0      2.0        0.0
      3.0    0.0        4.0      1.0        1.0
      3.0    0.0        4.0      1.0        0.0
      1.0    0.0        2.0      1.0        0.0
      2.0    0.0        4.0      2.0        0.0
      3.0    0.0        4.0      1.0        0.0
      3.0    0.0        4.0      1.0        1.0
      1.0    0.0        4.0      1.0        1.0
      3.0    0.0        4.0      1.0        0.0
      1.0    1.0        2.0      1.0        1.0
      1.0    0.0        2.0      1.0        1.0
      1.0    0.0        2.0      1.0        1.0
      1.0    0.0        2.0      1.0        1.0
      1.0    0.0        2.0      1.0        1.0
      1.0    0.0        2.0      1.0        1.0
      1.0    0.0        2.0      1.0        1.0
      1.0    0.0        2.0      1.0        1.0
      2.0    1.0        2.0      1.0        1.0
      1.0    1.0        2.0      1.0        1.0
      1.0    0.0        2.0      1.0        1.0
      1.0    0.0        2.0      1.0        1.0
      1.0    1.0        2.0      1.0        0.0
      1.0    1.0        2.0      1.0        0.0
      1.0    1.0        2.0      1.0        0.0
      1.0    1.0        4.0      1.0        0.0
      1.0    1.0        4.0      1.0        0.0
      1.0    1.0        4.0      1.0        0.0
      1.0    1.0        4.0      1.0        0.0
      1.0    1.0        4.0      1.0        0.0
      1.0    1.0        4.0      1.0        0.0
      1.0    1.0        4.0      1.0        0.0
      1.0    1.0        4.0      1.0        0.0
      1.0    1.0        4.0      1.0        0.0

--------------------------------------------------------------------------------

Cluster: 3
Center (Standardized):
        0        1        2         3        4
-0.397226 0.933503 0.728303 -0.277486 0.911566
Center (Unstandardized)
       0   1        2   3        4
1.214286 1.0 3.857143 1.0 1.357143
Max Dist. to Center (Standardized):  2.384341916727655
Min Dist. to Center (Standardized):  0.5411367756689526
Avg Dist. to Center (Standardized):  0.9515694484549609
Sum of Squared Error (Standardized): 18.916985977260687
14 Points (Standardized):
        0         1         2         3        4
 0.768873 -0.933503  0.871198 -0.277486 1.816644
 0.115858  0.933503 -1.129331 -0.277486 1.816644
-0.537158  0.933503  0.871198 -0.277486 0.408745
-0.537158  0.933503  0.871198 -0.277486 1.816644
-0.537158  0.933503  0.871198 -0.277486 1.816644
-0.537158  0.933503  0.871198 -0.277486 0.408745
-0.537158  0.933503  0.871198 -0.277486 0.408745
-0.537158  2.800510  0.871198 -0.277486 1.816644
-0.537158  0.933503  0.871198 -0.277486 0.408745
-0.537158  0.933503  0.871198 -0.277486 0.408745
-0.537158  0.933503  0.871198 -0.277486 0.408745
-0.537158  0.933503  0.871198 -0.277486 0.408745
-0.537158  0.933503  0.871198 -0.277486 0.408745
-0.537158  0.933503  0.871198 -0.277486 0.408745
14 Points (Unstandardized):
 VE_TOTAL   PEDS   NO_LANES   FATALS   DRUNK_DR
      3.0    0.0        4.0      1.0        2.0
      2.0    1.0        2.0      1.0        2.0
      1.0    1.0        4.0      1.0        1.0
      1.0    1.0        4.0      1.0        2.0
      1.0    1.0        4.0      1.0        2.0
      1.0    1.0        4.0      1.0        1.0
      1.0    1.0        4.0      1.0        1.0
      1.0    2.0        4.0      1.0        2.0
      1.0    1.0        4.0      1.0        1.0
      1.0    1.0        4.0      1.0        1.0
      1.0    1.0        4.0      1.0        1.0
      1.0    1.0        4.0      1.0        1.0
      1.0    1.0        4.0      1.0        1.0
      1.0    1.0        4.0      1.0        1.0

