Data: AccidentsSet03.csv
Number of Clusters: 4
Standardized Data: True

Intercluster Distances (Standardized):
          0         1         2         3
0       0.0  3.068603  4.391322  6.480327
1  3.068603       0.0  6.769662  5.589595
2  4.391322  6.769662       0.0  8.680809
3  6.480327  5.589595  8.680809       0.0

--------------------------------------------------------------------------------
--------------------------------------------------------------------------------

Cluster: 0
Center (Standardized):
 VE_TOTAL      PEDS   NO_LANES   FATALS   DRUNK_DR
-0.373904 -0.933503  -0.129066 2.589871    0.05677
Center (Unstandardized)
 VE_TOTAL   PEDS   NO_LANES   FATALS   DRUNK_DR
     1.25    0.0        3.0      2.0       0.75
Max Dist. to Center (Standardized):  2.030846530408899
Min Dist. to Center (Standardized):  1.0728779939127702
Avg Dist. to Center (Standardized):  1.5255144195847494
Sum of Squared Error (Standardized): 9.772934060636775
4 Points (Standardized):
 VE_TOTAL      PEDS   NO_LANES   FATALS   DRUNK_DR
-0.537158 -0.933503   0.871198 2.589871  -0.999154
 0.115858 -0.933503   0.871198 2.589871  -0.999154
-0.537158 -0.933503  -1.129331 2.589871   1.816644
-0.537158 -0.933503  -1.129331 2.589871   0.408745
4 Points (Unstandardized):
 VE_TOTAL   PEDS   NO_LANES   FATALS   DRUNK_DR
      1.0    0.0        4.0      2.0        0.0
      2.0    0.0        4.0      2.0        0.0
      1.0    0.0        2.0      2.0        2.0
      1.0    0.0        2.0      2.0        1.0

--------------------------------------------------------------------------------

Cluster: 1
Center (Standardized):
 VE_TOTAL     PEDS   NO_LANES    FATALS   DRUNK_DR
-0.059057 0.100018  -0.021895 -0.277486  -0.068935
Center (Unstandardized)
 VE_TOTAL     PEDS   NO_LANES   FATALS   DRUNK_DR
 1.732143 0.553571   3.107143      1.0   0.660714
Max Dist. to Center (Standardized):  3.445905109538731
Min Dist. to Center (Standardized):  1.3960915562109377
Avg Dist. to Center (Standardized):  1.782746186913314
Sum of Squared Error (Standardized): 186.4246137371801
56 Points (Standardized):
 VE_TOTAL      PEDS   NO_LANES    FATALS   DRUNK_DR
 0.768873 -0.933503  -1.129331 -0.277486  -0.999154
 2.074904 -0.933503   0.871198 -0.277486   0.408745
 2.074904 -0.933503   0.871198 -0.277486  -0.999154
 0.115858 -0.933503  -1.129331 -0.277486  -0.999154
 0.768873 -0.933503  -1.129331 -0.277486   0.408745
 1.421888 -0.933503   0.871198 -0.277486  -0.999154
 1.421888 -0.933503  -1.129331 -0.277486  -0.999154
 0.115858 -0.933503  -1.129331 -0.277486  -0.999154
 0.768873  0.933503  -1.129331 -0.277486  -0.999154
 0.768873  0.933503  -1.129331 -0.277486   0.408745
 1.421888 -0.933503  -1.129331 -0.277486  -0.999154
 0.768873 -0.933503   0.871198 -0.277486   0.408745
 0.768873 -0.933503   0.871198 -0.277486  -0.999154
-0.537158 -0.933503  -1.129331 -0.277486  -0.999154
 0.768873 -0.933503   0.871198 -0.277486  -0.999154
 0.768873 -0.933503   0.871198 -0.277486   0.408745
-0.537158 -0.933503   0.871198 -0.277486   0.408745
 0.768873 -0.933503   0.871198 -0.277486  -0.999154
 0.768873 -0.933503   0.871198 -0.277486   1.816644
-0.537158  0.933503  -1.129331 -0.277486   0.408745
-0.537158 -0.933503  -1.129331 -0.277486   0.408745
-0.537158 -0.933503  -1.129331 -0.277486   0.408745
-0.537158 -0.933503  -1.129331 -0.277486   0.408745
-0.537158 -0.933503  -1.129331 -0.277486   0.408745
-0.537158 -0.933503  -1.129331 -0.277486   0.408745
 0.115858  0.933503  -1.129331 -0.277486   1.816644
-0.537158 -0.933503  -1.129331 -0.277486   0.408745
-0.537158 -0.933503  -1.129331 -0.277486   0.408745
 0.115858  0.933503  -1.129331 -0.277486   0.408745
-0.537158  0.933503  -1.129331 -0.277486   0.408745
-0.537158 -0.933503  -1.129331 -0.277486   0.408745
-0.537158 -0.933503  -1.129331 -0.277486   0.408745
-0.537158  0.933503  -1.129331 -0.277486  -0.999154
-0.537158  0.933503  -1.129331 -0.277486  -0.999154
-0.537158  0.933503  -1.129331 -0.277486  -0.999154
-0.537158  0.933503   0.871198 -0.277486  -0.999154
-0.537158  0.933503   0.871198 -0.277486   0.408745
-0.537158  0.933503   0.871198 -0.277486   1.816644
-0.537158  0.933503   0.871198 -0.277486   1.816644
-0.537158  0.933503   0.871198 -0.277486  -0.999154
-0.537158  0.933503   0.871198 -0.277486   0.408745
-0.537158  0.933503   0.871198 -0.277486   0.408745
-0.537158  0.933503   0.871198 -0.277486  -0.999154
-0.537158  2.800510   0.871198 -0.277486   1.816644
-0.537158  0.933503   0.871198 -0.277486   0.408745
-0.537158  0.933503   0.871198 -0.277486  -0.999154
-0.537158  0.933503   0.871198 -0.277486   0.408745
-0.537158  0.933503   0.871198 -0.277486  -0.999154
-0.537158  0.933503   0.871198 -0.277486   0.408745
-0.537158  0.933503   0.871198 -0.277486   0.408745
-0.537158  0.933503   0.871198 -0.277486  -0.999154
-0.537158  0.933503   0.871198 -0.277486  -0.999154
-0.537158  0.933503   0.871198 -0.277486  -0.999154
-0.537158  0.933503   0.871198 -0.277486   0.408745
-0.537158  0.933503   0.871198 -0.277486  -0.999154
-0.537158  0.933503   0.871198 -0.277486   0.408745
56 Points (Unstandardized):
 VE_TOTAL   PEDS   NO_LANES   FATALS   DRUNK_DR
      3.0    0.0        2.0      1.0        0.0
      5.0    0.0        4.0      1.0        1.0
      5.0    0.0        4.0      1.0        0.0
      2.0    0.0        2.0      1.0        0.0
      3.0    0.0        2.0      1.0        1.0
      4.0    0.0        4.0      1.0        0.0
      4.0    0.0        2.0      1.0        0.0
      2.0    0.0        2.0      1.0        0.0
      3.0    1.0        2.0      1.0        0.0
      3.0    1.0        2.0      1.0        1.0
      4.0    0.0        2.0      1.0        0.0
      3.0    0.0        4.0      1.0        1.0
      3.0    0.0        4.0      1.0        0.0
      1.0    0.0        2.0      1.0        0.0
      3.0    0.0        4.0      1.0        0.0
      3.0    0.0        4.0      1.0        1.0
      1.0    0.0        4.0      1.0        1.0
      3.0    0.0        4.0      1.0        0.0
      3.0    0.0        4.0      1.0        2.0
      1.0    1.0        2.0      1.0        1.0
      1.0    0.0        2.0      1.0        1.0
      1.0    0.0        2.0      1.0        1.0
      1.0    0.0        2.0      1.0        1.0
      1.0    0.0        2.0      1.0        1.0
      1.0    0.0        2.0      1.0        1.0
      2.0    1.0        2.0      1.0        2.0
      1.0    0.0        2.0      1.0        1.0
      1.0    0.0        2.0      1.0        1.0
      2.0    1.0        2.0      1.0        1.0
      1.0    1.0        2.0      1.0        1.0
      1.0    0.0        2.0      1.0        1.0
      1.0    0.0        2.0      1.0        1.0
      1.0    1.0        2.0      1.0        0.0
      1.0    1.0        2.0      1.0        0.0
      1.0    1.0        2.0      1.0        0.0
      1.0    1.0        4.0      1.0        0.0
      1.0    1.0        4.0      1.0        1.0
      1.0    1.0        4.0      1.0        2.0
      1.0    1.0        4.0      1.0        2.0
      1.0    1.0        4.0      1.0        0.0
      1.0    1.0        4.0      1.0        1.0
      1.0    1.0        4.0      1.0        1.0
      1.0    1.0        4.0      1.0        0.0
      1.0    2.0        4.0      1.0        2.0
      1.0    1.0        4.0      1.0        1.0
      1.0    1.0        4.0      1.0        0.0
      1.0    1.0        4.0      1.0        1.0
      1.0    1.0        4.0      1.0        0.0
      1.0    1.0        4.0      1.0        1.0
      1.0    1.0        4.0      1.0        1.0
      1.0    1.0        4.0      1.0        0.0
      1.0    1.0        4.0      1.0        0.0
      1.0    1.0        4.0      1.0        0.0
      1.0    1.0        4.0      1.0        1.0
      1.0    1.0        4.0      1.0        0.0
      1.0    1.0        4.0      1.0        1.0

--------------------------------------------------------------------------------

Cluster: 2
Center (Standardized):
 VE_TOTAL      PEDS   NO_LANES   FATALS   DRUNK_DR
-0.537158 -0.933503   0.871198 5.457229   3.224543
Center (Unstandardized)
 VE_TOTAL   PEDS   NO_LANES   FATALS   DRUNK_DR
      1.0    0.0        4.0      3.0        3.0
Max Dist. to Center (Standardized):  0.0
Min Dist. to Center (Standardized):  0.0
Avg Dist. to Center (Standardized):  0.0
Sum of Squared Error (Standardized): 0.0
1 Points (Standardized):
 VE_TOTAL      PEDS   NO_LANES   FATALS   DRUNK_DR
-0.537158 -0.933503   0.871198 5.457229   3.224543
1 Points (Unstandardized):
 VE_TOTAL   PEDS   NO_LANES   FATALS   DRUNK_DR
      1.0    0.0        4.0      3.0        3.0

--------------------------------------------------------------------------------

Cluster: 3
Center (Standardized):
 VE_TOTAL      PEDS   NO_LANES    FATALS   DRUNK_DR
 5.339981 -0.933503   0.871198 -0.277486   0.408745
Center (Unstandardized)
 VE_TOTAL   PEDS   NO_LANES   FATALS   DRUNK_DR
     10.0    0.0        4.0      1.0        1.0
Max Dist. to Center (Standardized):  0.0
Min Dist. to Center (Standardized):  0.0
Avg Dist. to Center (Standardized):  0.0
Sum of Squared Error (Standardized): 0.0
1 Points (Standardized):
 VE_TOTAL      PEDS   NO_LANES    FATALS   DRUNK_DR
 5.339981 -0.933503   0.871198 -0.277486   0.408745
1 Points (Unstandardized):
 VE_TOTAL   PEDS   NO_LANES   FATALS   DRUNK_DR
     10.0    0.0        4.0      1.0        1.0

