Data: iris.csv
Number of Clusters: 3
Standardized Data: True

Intercluster Distances (Standardized):
          0         1         2
0       0.0  3.322115  4.996308
1  3.322115       0.0  2.880574
2  4.996308  2.880574       0.0

--------------------------------------------------------------------------------
--------------------------------------------------------------------------------

Cluster: 0
Center (Standardized): -1.0111913832028139, 0.8394944086246485, -1.3005214861029264, -1.2509378621062455
Center (Unstandardized): 5.006, 3.418, 1.464, 0.244
Max Dist. to Center (Standardized):  2.6525102333362547
Min Dist. to Center (Standardized):  0.07427151343361289
Avg Dist. to Center (Standardized):  0.8197913516779218
Sum of Squared Error (Standardized): 48.15831080234687
50 Points (Standardized):
-0.8976738791967661, 1.0286112808972343, -1.3367940202882491, -1.308592819437958
-1.1392004834649532, -0.1245403793014595, -1.3367940202882491, -1.308592819437958
-1.3807270877331412, 0.3367202847780184, -1.393469854952816, -1.308592819437958
-1.5014903898672358, 0.1060899527382794, -1.2801181856236823, -1.308592819437958
-1.0184371813308597, 1.2592416129369732, -1.3367940202882491, -1.308592819437958
-0.5353839727944832, 1.9511326090561891, -1.1667665162945489, -1.0465248315665376
-1.5014903898672358, 0.7979809488574954, -1.3367940202882491, -1.1775588255022478
-1.0184371813308597, 0.7979809488574954, -1.2801181856236823, -1.308592819437958
-1.743016994135423, -0.3551707113411985, -1.3367940202882491, -1.308592819437958
-1.1392004834649532, 0.1060899527382794, -1.2801181856236823, -1.4396268133736678
-0.5353839727944832, 1.4898719449767124, -1.2801181856236823, -1.308592819437958
-1.2599637855990478, 0.7979809488574954, -1.2234423509591157, -1.308592819437958
-1.2599637855990478, -0.1245403793014595, -1.3367940202882491, -1.4396268133736678
-1.8637802962695176, -0.1245403793014595, -1.5068215242819496, -1.4396268133736678
-0.052330764258108, 2.1817629410959283, -1.450145689617383, -1.308592819437958
-0.1730940663922016, 3.104284269254884, -1.2801181856236823, -1.0465248315665376
-0.5353839727944832, 1.9511326090561891, -1.393469854952816, -1.0465248315665376
-0.8976738791967661, 1.0286112808972343, -1.3367940202882491, -1.1775588255022478
-0.1730940663922016, 1.7205022770164502, -1.1667665162945489, -1.1775588255022478
-0.8976738791967661, 1.7205022770164502, -1.2801181856236823, -1.1775588255022478
-0.5353839727944832, 0.7979809488574954, -1.1667665162945489, -1.308592819437958
-0.8976738791967661, 1.4898719449767124, -1.2801181856236823, -1.0465248315665376
-1.5014903898672358, 1.2592416129369732, -1.5634973589465164, -1.308592819437958
-0.8976738791967661, 0.5673506168177563, -1.1667665162945489, -0.9154908376308276
-1.2599637855990478, 0.7979809488574954, -1.0534148469654152, -1.308592819437958
-1.0184371813308597, -0.1245403793014595, -1.2234423509591157, -1.308592819437958
-1.0184371813308597, 0.7979809488574954, -1.2234423509591157, -1.0465248315665376
-0.7769105770626714, 1.0286112808972343, -1.2801181856236823, -1.308592819437958
-0.7769105770626714, 0.7979809488574954, -1.3367940202882491, -1.308592819437958
-1.3807270877331412, 0.3367202847780184, -1.2234423509591157, -1.308592819437958
-1.2599637855990478, 0.1060899527382794, -1.2234423509591157, -1.308592819437958
-0.5353839727944832, 0.7979809488574954, -1.2801181856236823, -1.0465248315665376
-0.7769105770626714, 2.4123932731356663, -1.2801181856236823, -1.4396268133736678
-0.4146206706603897, 2.643023605175406, -1.3367940202882491, -1.308592819437958
-1.1392004834649532, 0.1060899527382794, -1.2801181856236823, -1.4396268133736678
-1.0184371813308597, 0.3367202847780184, -1.450145689617383, -1.308592819437958
-0.4146206706603897, 1.0286112808972343, -1.393469854952816, -1.308592819437958
-1.1392004834649532, 0.1060899527382794, -1.2801181856236823, -1.4396268133736678
-1.743016994135423, -0.1245403793014595, -1.393469854952816, -1.308592819437958
-0.8976738791967661, 0.7979809488574954, -1.2801181856236823, -1.308592819437958
-1.0184371813308597, 1.0286112808972343, -1.393469854952816, -1.1775588255022478
-1.6222536920013295, -1.7389527035796315, -1.393469854952816, -1.1775588255022478
-1.743016994135423, 0.3367202847780184, -1.393469854952816, -1.308592819437958
-1.0184371813308597, 1.0286112808972343, -1.2234423509591157, -0.7844568436951177
-0.8976738791967661, 1.7205022770164502, -1.0534148469654152, -1.0465248315665376
-1.2599637855990478, -0.1245403793014595, -1.3367940202882491, -1.1775588255022478
-0.8976738791967661, 1.7205022770164502, -1.2234423509591157, -1.308592819437958
-1.5014903898672358, 0.3367202847780184, -1.3367940202882491, -1.308592819437958
-0.6561472749285779, 1.4898719449767124, -1.2801181856236823, -1.308592819437958
-1.0184371813308597, 0.5673506168177563, -1.3367940202882491, -1.308592819437958
50 Points (Unstandardized):
5.1, 3.5, 1.4, 0.2, Iris-setosa
4.9, 3.0, 1.4, 0.2, Iris-setosa
4.7, 3.2, 1.3, 0.2, Iris-setosa
4.6, 3.1, 1.5, 0.2, Iris-setosa
5.0, 3.6, 1.4, 0.2, Iris-setosa
5.4, 3.9, 1.7, 0.4, Iris-setosa
4.6, 3.4, 1.4, 0.3, Iris-setosa
5.0, 3.4, 1.5, 0.2, Iris-setosa
4.4, 2.9, 1.4, 0.2, Iris-setosa
4.9, 3.1, 1.5, 0.1, Iris-setosa
5.4, 3.7, 1.5, 0.2, Iris-setosa
4.8, 3.4, 1.6, 0.2, Iris-setosa
4.8, 3.0, 1.4, 0.1, Iris-setosa
4.3, 3.0, 1.1, 0.1, Iris-setosa
5.8, 4.0, 1.2, 0.2, Iris-setosa
5.7, 4.4, 1.5, 0.4, Iris-setosa
5.4, 3.9, 1.3, 0.4, Iris-setosa
5.1, 3.5, 1.4, 0.3, Iris-setosa
5.7, 3.8, 1.7, 0.3, Iris-setosa
5.1, 3.8, 1.5, 0.3, Iris-setosa
5.4, 3.4, 1.7, 0.2, Iris-setosa
5.1, 3.7, 1.5, 0.4, Iris-setosa
4.6, 3.6, 1.0, 0.2, Iris-setosa
5.1, 3.3, 1.7, 0.5, Iris-setosa
4.8, 3.4, 1.9, 0.2, Iris-setosa
5.0, 3.0, 1.6, 0.2, Iris-setosa
5.0, 3.4, 1.6, 0.4, Iris-setosa
5.2, 3.5, 1.5, 0.2, Iris-setosa
5.2, 3.4, 1.4, 0.2, Iris-setosa
4.7, 3.2, 1.6, 0.2, Iris-setosa
4.8, 3.1, 1.6, 0.2, Iris-setosa
5.4, 3.4, 1.5, 0.4, Iris-setosa
5.2, 4.1, 1.5, 0.1, Iris-setosa
5.5, 4.2, 1.4, 0.2, Iris-setosa
4.9, 3.1, 1.5, 0.1, Iris-setosa
5.0, 3.2, 1.2, 0.2, Iris-setosa
5.5, 3.5, 1.3, 0.2, Iris-setosa
4.9, 3.1, 1.5, 0.1, Iris-setosa
4.4, 3.0, 1.3, 0.2, Iris-setosa
5.1, 3.4, 1.5, 0.2, Iris-setosa
5.0, 3.5, 1.3, 0.3, Iris-setosa
4.5, 2.3, 1.3, 0.3, Iris-setosa
4.4, 3.2, 1.3, 0.2, Iris-setosa
5.0, 3.5, 1.6, 0.6, Iris-setosa
5.1, 3.8, 1.9, 0.4, Iris-setosa
4.8, 3.0, 1.4, 0.3, Iris-setosa
5.1, 3.8, 1.6, 0.2, Iris-setosa
4.6, 3.2, 1.4, 0.2, Iris-setosa
5.3, 3.7, 1.5, 0.2, Iris-setosa
5.0, 3.3, 1.4, 0.2, Iris-setosa

--------------------------------------------------------------------------------

Cluster: 1
Center (Standardized): 0.4556220942028235, -0.48118522266188035, 0.6240730017147019, 0.6028824529231733
Center (Unstandardized): 6.220618556701031, 2.845360824742268, 4.85979381443299, 1.6587628865979382
Max Dist. to Center (Standardized):  2.7042703403717
Min Dist. to Center (Standardized):  0.2167101767316104
Avg Dist. to Center (Standardized):  1.1292202699032583
Sum of Squared Error (Standardized): 149.13949425383754
97 Points (Standardized):
1.3968288613510198, 0.3367202847780184, 0.533508523642456, 0.2638151077905626
0.6722490485464564, 0.3367202847780184, 0.4201568543133223, 0.3948491017262728
1.2760655592169263, 0.1060899527382794, 0.6468601929715898, 0.3948491017262728
-0.4146206706603897, -1.7389527035796315, 0.1367776809904882, 0.1327811138548527
0.79301235068055, -0.5858010433809375, 0.476832688977889, 0.3948491017262728
-0.1730940663922016, -0.5858010433809375, 0.4201568543133223, 0.1327811138548527
0.5514857464123618, 0.5673506168177563, 0.533508523642456, 0.525883095661983
-1.1392004834649532, -1.5083223715398926, -0.2599531616614796, -0.2603208679522774
0.9137756528146436, -0.3551707113411985, 0.476832688977889, 0.1327811138548527
-0.7769105770626714, -0.8164313754206755, 0.0801018463259213, 0.2638151077905626
-1.0184371813308597, -2.430843699698847, -0.1466014923323459, -0.2603208679522774
0.0684325378759865, -0.1245403793014595, 0.2501293503196219, 0.3948491017262728
0.1891958400100801, -1.969583035619369, 0.1367776809904882, -0.2603208679522774
0.3099591421441736, -0.3551707113411985, 0.533508523642456, 0.2638151077905626
-0.2938573685262962, -0.3551707113411985, -0.089925657667779, 0.1327811138548527
1.034538954948738, 0.1060899527382794, 0.3634810196487557, 0.2638151077905626
-0.2938573685262962, -0.1245403793014595, 0.4201568543133223, 0.3948491017262728
-0.052330764258108, -0.8164313754206755, 0.1934535156550548, -0.2603208679522774
0.4307224442782682, -1.969583035619369, 0.4201568543133223, 0.3948491017262728
-0.2938573685262962, -1.2776920395001534, 0.0801018463259213, -0.1292868740165672
0.0684325378759865, 0.3367202847780184, 0.5901843583070228, 0.787951083533403
0.3099591421441736, -0.5858010433809375, 0.1367776809904882, 0.1327811138548527
0.5514857464123618, -1.2776920395001534, 0.6468601929715898, 0.3948491017262728
0.3099591421441736, -0.5858010433809375, 0.533508523642456, 0.0017471199191426
0.6722490485464564, -0.3551707113411985, 0.3068051849841886, 0.1327811138548527
0.9137756528146436, -0.1245403793014595, 0.3634810196487557, 0.2638151077905626
1.1553022570828315, -0.5858010433809375, 0.5901843583070228, 0.2638151077905626
1.034538954948738, -0.1245403793014595, 0.7035360276361565, 0.6569170895976928
0.1891958400100801, -0.3551707113411985, 0.4201568543133223, 0.3948491017262728
-0.1730940663922016, -1.0470617074604145, -0.1466014923323459, -0.2603208679522774
-0.4146206706603897, -1.5083223715398926, 0.0234260116613544, -0.1292868740165672
-0.4146206706603897, -1.5083223715398926, -0.0332498230032121, -0.2603208679522774
-0.052330764258108, -0.8164313754206755, 0.0801018463259213, 0.0017471199191426
0.1891958400100801, -0.8164313754206755, 0.7602118623007231, 0.525883095661983
-0.5353839727944832, -0.1245403793014595, 0.4201568543133223, 0.3948491017262728
0.1891958400100801, 0.7979809488574954, 0.4201568543133223, 0.525883095661983
1.034538954948738, 0.1060899527382794, 0.533508523642456, 0.3948491017262728
0.5514857464123618, -1.7389527035796315, 0.3634810196487557, 0.1327811138548527
-0.2938573685262962, -0.1245403793014595, 0.1934535156550548, 0.1327811138548527
-0.4146206706603897, -1.2776920395001534, 0.1367776809904882, 0.1327811138548527
-0.4146206706603897, -1.0470617074604145, 0.3634810196487557, 0.0017471199191426
0.3099591421441736, -0.1245403793014595, 0.476832688977889, 0.2638151077905626
-0.052330764258108, -1.0470617074604145, 0.1367776809904882, 0.0017471199191426
-1.0184371813308597, -1.7389527035796315, -0.2599531616614796, -0.2603208679522774
-0.2938573685262962, -0.8164313754206755, 0.2501293503196219, 0.1327811138548527
-0.1730940663922016, -0.1245403793014595, 0.2501293503196219, 0.0017471199191426
-0.1730940663922016, -0.3551707113411985, 0.2501293503196219, 0.1327811138548527
0.4307224442782682, -0.3551707113411985, 0.3068051849841886, 0.1327811138548527
-0.8976738791967661, -1.2776920395001534, -0.42998066565518, -0.1292868740165672
-0.1730940663922016, -0.5858010433809375, 0.1934535156550548, 0.1327811138548527
0.5514857464123618, 0.5673506168177563, 1.270294374281825, 1.7051890410833732
-0.052330764258108, -0.8164313754206755, 0.7602118623007231, 0.9189850774691128
1.5175921634851133, -0.1245403793014595, 1.213618539617258, 1.1810530653405331
0.5514857464123618, -0.3551707113411985, 1.0435910356235572, 0.787951083533403
0.79301235068055, -0.1245403793014595, 1.156942704952691, 1.3120870592762437
2.121408674155583, -0.1245403793014595, 1.6103493822692254, 1.1810530653405331
-1.1392004834649532, -1.2776920395001534, 0.4201568543133223, 0.6569170895976928
1.7591187677533016, -0.3551707113411985, 1.4403218782755252, 0.787951083533403
1.034538954948738, -1.2776920395001534, 1.156942704952691, 0.787951083533403
0.79301235068055, 0.3367202847780184, 0.7602118623007231, 1.050019071404823
0.6722490485464564, -0.8164313754206755, 0.8735635316298569, 0.9189850774691128
1.1553022570828315, -0.1245403793014595, 0.9869152009589904, 1.1810530653405331
-0.1730940663922016, -1.2776920395001534, 0.7035360276361565, 1.050019071404823
-0.052330764258108, -0.5858010433809375, 0.7602118623007231, 1.574155047147663
0.6722490485464564, 0.3367202847780184, 0.8735635316298569, 1.443121053211953
0.79301235068055, -0.1245403793014595, 0.9869152009589904, 0.787951083533403
2.242171976289678, -1.0470617074604145, 1.7803768862629263, 1.443121053211953
0.1891958400100801, -1.969583035619369, 0.7035360276361565, 0.3948491017262728
1.2760655592169263, 0.3367202847780184, 1.1002668702881244, 1.443121053211953
-0.2938573685262962, -0.5858010433809375, 0.6468601929715898, 1.050019071404823
2.242171976289678, -0.5858010433809375, 1.667025216933793, 1.050019071404823
0.5514857464123618, -0.8164313754206755, 0.6468601929715898, 0.787951083533403
1.034538954948738, 0.5673506168177563, 1.1002668702881244, 1.1810530653405331
1.638355465619208, 0.3367202847780184, 1.270294374281825, 0.787951083533403
0.4307224442782682, -0.5858010433809375, 0.5901843583070228, 0.787951083533403
0.3099591421441736, -0.1245403793014595, 0.6468601929715898, 0.787951083533403
0.6722490485464564, -0.5858010433809375, 1.0435910356235572, 1.1810530653405331
1.638355465619208, -0.1245403793014595, 1.156942704952691, 0.525883095661983
1.879882069887396, -0.5858010433809375, 1.3269702089463913, 0.9189850774691128
0.6722490485464564, -0.5858010433809375, 1.0435910356235572, 1.3120870592762437
0.5514857464123618, -0.5858010433809375, 0.7602118623007231, 0.3948491017262728
0.3099591421441736, -1.0470617074604145, 1.0435910356235572, 0.2638151077905626
2.242171976289678, -0.1245403793014595, 1.3269702089463913, 1.443121053211953
0.5514857464123618, 0.7979809488574954, 1.0435910356235572, 1.574155047147663
0.6722490485464564, 0.1060899527382794, 0.9869152009589904, 0.787951083533403
0.1891958400100801, -0.1245403793014595, 0.5901843583070228, 0.787951083533403
1.2760655592169263, 0.1060899527382794, 0.930239366294424, 1.1810530653405331
1.034538954948738, 0.1060899527382794, 1.0435910356235572, 1.574155047147663
1.2760655592169263, 0.1060899527382794, 0.7602118623007231, 1.443121053211953
-0.052330764258108, -0.8164313754206755, 0.7602118623007231, 0.9189850774691128
1.1553022570828315, 0.3367202847780184, 1.213618539617258, 1.443121053211953
1.034538954948738, 0.5673506168177563, 1.1002668702881244, 1.7051890410833732
1.034538954948738, -0.1245403793014595, 0.8168876969652902, 1.443121053211953
0.5514857464123618, -1.2776920395001534, 0.7035360276361565, 0.9189850774691128
0.79301235068055, -0.1245403793014595, 0.8168876969652902, 1.050019071404823
0.4307224442782682, 0.7979809488574954, 0.930239366294424, 1.443121053211953
0.0684325378759865, -0.1245403793014595, 0.7602118623007231, 0.787951083533403
97 Points (Unstandardized):
7.0, 3.2, 4.7, 1.4, Iris-versicolor
6.4, 3.2, 4.5, 1.5, Iris-versicolor
6.9, 3.1, 4.9, 1.5, Iris-versicolor
5.5, 2.3, 4.0, 1.3, Iris-versicolor
6.5, 2.8, 4.6, 1.5, Iris-versicolor
5.7, 2.8, 4.5, 1.3, Iris-versicolor
6.3, 3.3, 4.7, 1.6, Iris-versicolor
4.9, 2.4, 3.3, 1.0, Iris-versicolor
6.6, 2.9, 4.6, 1.3, Iris-versicolor
5.2, 2.7, 3.9, 1.4, Iris-versicolor
5.0, 2.0, 3.5, 1.0, Iris-versicolor
5.9, 3.0, 4.2, 1.5, Iris-versicolor
6.0, 2.2, 4.0, 1.0, Iris-versicolor
6.1, 2.9, 4.7, 1.4, Iris-versicolor
5.6, 2.9, 3.6, 1.3, Iris-versicolor
6.7, 3.1, 4.4, 1.4, Iris-versicolor
5.6, 3.0, 4.5, 1.5, Iris-versicolor
5.8, 2.7, 4.1, 1.0, Iris-versicolor
6.2, 2.2, 4.5, 1.5, Iris-versicolor
5.6, 2.5, 3.9, 1.1, Iris-versicolor
5.9, 3.2, 4.8, 1.8, Iris-versicolor
6.1, 2.8, 4.0, 1.3, Iris-versicolor
6.3, 2.5, 4.9, 1.5, Iris-versicolor
6.1, 2.8, 4.7, 1.2, Iris-versicolor
6.4, 2.9, 4.3, 1.3, Iris-versicolor
6.6, 3.0, 4.4, 1.4, Iris-versicolor
6.8, 2.8, 4.8, 1.4, Iris-versicolor
6.7, 3.0, 5.0, 1.7, Iris-versicolor
6.0, 2.9, 4.5, 1.5, Iris-versicolor
5.7, 2.6, 3.5, 1.0, Iris-versicolor
5.5, 2.4, 3.8, 1.1, Iris-versicolor
5.5, 2.4, 3.7, 1.0, Iris-versicolor
5.8, 2.7, 3.9, 1.2, Iris-versicolor
6.0, 2.7, 5.1, 1.6, Iris-versicolor
5.4, 3.0, 4.5, 1.5, Iris-versicolor
6.0, 3.4, 4.5, 1.6, Iris-versicolor
6.7, 3.1, 4.7, 1.5, Iris-versicolor
6.3, 2.3, 4.4, 1.3, Iris-versicolor
5.6, 3.0, 4.1, 1.3, Iris-versicolor
5.5, 2.5, 4.0, 1.3, Iris-versicolor
5.5, 2.6, 4.4, 1.2, Iris-versicolor
6.1, 3.0, 4.6, 1.4, Iris-versicolor
5.8, 2.6, 4.0, 1.2, Iris-versicolor
5.0, 2.3, 3.3, 1.0, Iris-versicolor
5.6, 2.7, 4.2, 1.3, Iris-versicolor
5.7, 3.0, 4.2, 1.2, Iris-versicolor
5.7, 2.9, 4.2, 1.3, Iris-versicolor
6.2, 2.9, 4.3, 1.3, Iris-versicolor
5.1, 2.5, 3.0, 1.1, Iris-versicolor
5.7, 2.8, 4.1, 1.3, Iris-versicolor
6.3, 3.3, 6.0, 2.5, Iris-virginica
5.8, 2.7, 5.1, 1.9, Iris-virginica
7.1, 3.0, 5.9, 2.1, Iris-virginica
6.3, 2.9, 5.6, 1.8, Iris-virginica
6.5, 3.0, 5.8, 2.2, Iris-virginica
7.6, 3.0, 6.6, 2.1, Iris-virginica
4.9, 2.5, 4.5, 1.7, Iris-virginica
7.3, 2.9, 6.3, 1.8, Iris-virginica
6.7, 2.5, 5.8, 1.8, Iris-virginica
6.5, 3.2, 5.1, 2.0, Iris-virginica
6.4, 2.7, 5.3, 1.9, Iris-virginica
6.8, 3.0, 5.5, 2.1, Iris-virginica
5.7, 2.5, 5.0, 2.0, Iris-virginica
5.8, 2.8, 5.1, 2.4, Iris-virginica
6.4, 3.2, 5.3, 2.3, Iris-virginica
6.5, 3.0, 5.5, 1.8, Iris-virginica
7.7, 2.6, 6.9, 2.3, Iris-virginica
6.0, 2.2, 5.0, 1.5, Iris-virginica
6.9, 3.2, 5.7, 2.3, Iris-virginica
5.6, 2.8, 4.9, 2.0, Iris-virginica
7.7, 2.8, 6.7, 2.0, Iris-virginica
6.3, 2.7, 4.9, 1.8, Iris-virginica
6.7, 3.3, 5.7, 2.1, Iris-virginica
7.2, 3.2, 6.0, 1.8, Iris-virginica
6.2, 2.8, 4.8, 1.8, Iris-virginica
6.1, 3.0, 4.9, 1.8, Iris-virginica
6.4, 2.8, 5.6, 2.1, Iris-virginica
7.2, 3.0, 5.8, 1.6, Iris-virginica
7.4, 2.8, 6.1, 1.9, Iris-virginica
6.4, 2.8, 5.6, 2.2, Iris-virginica
6.3, 2.8, 5.1, 1.5, Iris-virginica
6.1, 2.6, 5.6, 1.4, Iris-virginica
7.7, 3.0, 6.1, 2.3, Iris-virginica
6.3, 3.4, 5.6, 2.4, Iris-virginica
6.4, 3.1, 5.5, 1.8, Iris-virginica
6.0, 3.0, 4.8, 1.8, Iris-virginica
6.9, 3.1, 5.4, 2.1, Iris-virginica
6.7, 3.1, 5.6, 2.4, Iris-virginica
6.9, 3.1, 5.1, 2.3, Iris-virginica
5.8, 2.7, 5.1, 1.9, Iris-virginica
6.8, 3.2, 5.9, 2.3, Iris-virginica
6.7, 3.3, 5.7, 2.5, Iris-virginica
6.7, 3.0, 5.2, 2.3, Iris-virginica
6.3, 2.5, 5.0, 1.9, Iris-virginica
6.5, 3.0, 5.2, 2.0, Iris-virginica
6.2, 3.4, 5.4, 2.3, Iris-virginica
5.9, 3.0, 5.1, 1.8, Iris-virginica

--------------------------------------------------------------------------------

Cluster: 2
Center (Standardized): 2.121408674155584, 1.5667487223232912, 1.4969977129400922, 1.3557650572548132
Center (Unstandardized): 7.6000000000000005, 3.7333333333333334, 6.4, 2.2333333333333334
Max Dist. to Center (Standardized):  0.6920314278913684
Min Dist. to Center (Standardized):  0.26275663710904906
Avg Dist. to Center (Standardized):  0.48438671821113105
Sum of Squared Error (Standardized): 0.7963232872593615
3 Points (Standardized):
1.638355465619208, 1.2592416129369732, 1.3269702089463913, 1.7051890410833732
2.242171976289678, 1.7205022770164502, 1.667025216933793, 1.3120870592762437
2.4836985805578657, 1.7205022770164502, 1.4969977129400922, 1.050019071404823
3 Points (Unstandardized):
7.2, 3.6, 6.1, 2.5, Iris-virginica
7.7, 3.8, 6.7, 2.2, Iris-virginica
7.9, 3.8, 6.4, 2.0, Iris-virginica

