Data: iris.csv
Number of Clusters: 3
Standardized Data: True

Intercluster Distances (Standardized):
          0         1         2
0  0.000000  1.868531  3.851805
1  1.868531  0.000000  2.934372
2  3.851805  2.934372  0.000000

--------------------------------------------------------------------------------
--------------------------------------------------------------------------------

Cluster: 0
Center (Standardized): 1.0301475621438612, 0.013837819922383676, 0.9405440635061628, 0.9690162387900205
Center (Unstandardized): 6.696363636363635, 3.06, 5.418181818181818, 1.9381818181818182
Max Dist. to Center (Standardized):  2.31121531993463
Min Dist. to Center (Standardized):  0.28622040788172604
Avg Dist. to Center (Standardized):  0.9279295567394238
Sum of Squared Error (Standardized): 57.350430078941216
55 Points (Standardized):
1.3968288613510198, 0.3367202847780184, 0.533508523642456, 0.26381510779056266
0.6722490485464564, 0.3367202847780184, 0.42015685431332234, 0.3948491017262728
1.2760655592169263, 0.10608995273827942, 0.6468601929715898, 0.3948491017262728
0.79301235068055, -0.5858010433809375, 0.476832688977889, 0.3948491017262728
0.5514857464123618, 0.5673506168177563, 0.533508523642456, 0.525883095661983
0.9137756528146435, -0.35517071134119854, 0.476832688977889, 0.13278111385485278
1.034538954948738, 0.10608995273827942, 0.36348101964875573, 0.26381510779056266
0.06843253787598655, 0.3367202847780184, 0.5901843583070228, 0.787951083533403
0.9137756528146435, -0.12454037930145956, 0.36348101964875573, 0.26381510779056266
1.1553022570828317, -0.5858010433809375, 0.5901843583070228, 0.26381510779056266
1.034538954948738, -0.12454037930145956, 0.7035360276361565, 0.6569170895976928
0.1891958400100801, 0.7979809488574954, 0.42015685431332234, 0.525883095661983
1.034538954948738, 0.10608995273827942, 0.533508523642456, 0.3948491017262728
0.5514857464123618, 0.5673506168177563, 1.2702943742818247, 1.7051890410833732
1.5175921634851133, -0.12454037930145956, 1.213618539617258, 1.1810530653405331
0.5514857464123618, -0.35517071134119854, 1.0435910356235572, 0.787951083533403
0.79301235068055, -0.12454037930145956, 1.156942704952691, 1.3120870592762435
2.121408674155583, -0.12454037930145956, 1.6103493822692254, 1.1810530653405331
1.7591187677533016, -0.35517071134119854, 1.4403218782755252, 0.787951083533403
1.034538954948738, -1.2776920395001534, 1.156942704952691, 0.787951083533403
1.6383554656192079, 1.2592416129369732, 1.3269702089463913, 1.7051890410833732
0.79301235068055, 0.3367202847780184, 0.7602118623007231, 1.050019071404823
0.6722490485464564, -0.8164313754206755, 0.8735635316298569, 0.9189850774691128
1.1553022570828317, -0.12454037930145956, 0.9869152009589905, 1.1810530653405331
-0.05233076425810806, -0.5858010433809375, 0.7602118623007231, 1.574155047147663
0.6722490485464564, 0.3367202847780184, 0.8735635316298569, 1.443121053211953
0.79301235068055, -0.12454037930145956, 0.9869152009589905, 0.787951083533403
2.242171976289678, 1.7205022770164502, 1.6670252169337927, 1.3120870592762435
2.242171976289678, -1.0470617074604145, 1.7803768862629263, 1.443121053211953
1.2760655592169263, 0.3367202847780184, 1.1002668702881244, 1.443121053211953
2.242171976289678, -0.5858010433809375, 1.6670252169337927, 1.050019071404823
0.5514857464123618, -0.8164313754206755, 0.6468601929715898, 0.787951083533403
1.034538954948738, 0.5673506168177563, 1.1002668702881244, 1.1810530653405331
1.6383554656192079, 0.3367202847780184, 1.2702943742818247, 0.787951083533403
0.4307224442782682, -0.5858010433809375, 0.5901843583070228, 0.787951083533403
0.30995914214417364, -0.12454037930145956, 0.6468601929715898, 0.787951083533403
0.6722490485464564, -0.5858010433809375, 1.0435910356235572, 1.1810530653405331
1.6383554656192079, -0.12454037930145956, 1.156942704952691, 0.525883095661983
1.8798820698873961, -0.5858010433809375, 1.3269702089463913, 0.9189850774691128
2.4836985805578657, 1.7205022770164502, 1.4969977129400922, 1.050019071404823
0.6722490485464564, -0.5858010433809375, 1.0435910356235572, 1.3120870592762435
0.5514857464123618, -0.5858010433809375, 0.7602118623007231, 0.3948491017262728
2.242171976289678, -0.12454037930145956, 1.3269702089463913, 1.443121053211953
0.5514857464123618, 0.7979809488574954, 1.0435910356235572, 1.574155047147663
0.6722490485464564, 0.10608995273827942, 0.9869152009589905, 0.787951083533403
0.1891958400100801, -0.12454037930145956, 0.5901843583070228, 0.787951083533403
1.2760655592169263, 0.10608995273827942, 0.9302393662944239, 1.1810530653405331
1.034538954948738, 0.10608995273827942, 1.0435910356235572, 1.574155047147663
1.2760655592169263, 0.10608995273827942, 0.7602118623007231, 1.443121053211953
1.1553022570828317, 0.3367202847780184, 1.213618539617258, 1.443121053211953
1.034538954948738, 0.5673506168177563, 1.1002668702881244, 1.7051890410833732
1.034538954948738, -0.12454037930145956, 0.8168876969652902, 1.443121053211953
0.79301235068055, -0.12454037930145956, 0.8168876969652902, 1.050019071404823
0.4307224442782682, 0.7979809488574954, 0.9302393662944239, 1.443121053211953
0.06843253787598655, -0.12454037930145956, 0.7602118623007231, 0.787951083533403
55 Points (Unstandardized):
7.0, 3.2, 4.7, 1.4, Iris-versicolor
6.4, 3.2, 4.5, 1.5, Iris-versicolor
6.9, 3.1, 4.9, 1.5, Iris-versicolor
6.5, 2.8, 4.6, 1.5, Iris-versicolor
6.3, 3.3, 4.7, 1.6, Iris-versicolor
6.6, 2.9, 4.6, 1.3, Iris-versicolor
6.7, 3.1, 4.4, 1.4, Iris-versicolor
5.9, 3.2, 4.8, 1.8, Iris-versicolor
6.6, 3.0, 4.4, 1.4, Iris-versicolor
6.8, 2.8, 4.8, 1.4, Iris-versicolor
6.7, 3.0, 5.0, 1.7, Iris-versicolor
6.0, 3.4, 4.5, 1.6, Iris-versicolor
6.7, 3.1, 4.7, 1.5, Iris-versicolor
6.3, 3.3, 6.0, 2.5, Iris-virginica
7.1, 3.0, 5.9, 2.1, Iris-virginica
6.3, 2.9, 5.6, 1.8, Iris-virginica
6.5, 3.0, 5.8, 2.2, Iris-virginica
7.6, 3.0, 6.6, 2.1, Iris-virginica
7.3, 2.9, 6.3, 1.8, Iris-virginica
6.7, 2.5, 5.8, 1.8, Iris-virginica
7.2, 3.6, 6.1, 2.5, Iris-virginica
6.5, 3.2, 5.1, 2.0, Iris-virginica
6.4, 2.7, 5.3, 1.9, Iris-virginica
6.8, 3.0, 5.5, 2.1, Iris-virginica
5.8, 2.8, 5.1, 2.4, Iris-virginica
6.4, 3.2, 5.3, 2.3, Iris-virginica
6.5, 3.0, 5.5, 1.8, Iris-virginica
7.7, 3.8, 6.7, 2.2, Iris-virginica
7.7, 2.6, 6.9, 2.3, Iris-virginica
6.9, 3.2, 5.7, 2.3, Iris-virginica
7.7, 2.8, 6.7, 2.0, Iris-virginica
6.3, 2.7, 4.9, 1.8, Iris-virginica
6.7, 3.3, 5.7, 2.1, Iris-virginica
7.2, 3.2, 6.0, 1.8, Iris-virginica
6.2, 2.8, 4.8, 1.8, Iris-virginica
6.1, 3.0, 4.9, 1.8, Iris-virginica
6.4, 2.8, 5.6, 2.1, Iris-virginica
7.2, 3.0, 5.8, 1.6, Iris-virginica
7.4, 2.8, 6.1, 1.9, Iris-virginica
7.9, 3.8, 6.4, 2.0, Iris-virginica
6.4, 2.8, 5.6, 2.2, Iris-virginica
6.3, 2.8, 5.1, 1.5, Iris-virginica
7.7, 3.0, 6.1, 2.3, Iris-virginica
6.3, 3.4, 5.6, 2.4, Iris-virginica
6.4, 3.1, 5.5, 1.8, Iris-virginica
6.0, 3.0, 4.8, 1.8, Iris-virginica
6.9, 3.1, 5.4, 2.1, Iris-virginica
6.7, 3.1, 5.6, 2.4, Iris-virginica
6.9, 3.1, 5.1, 2.3, Iris-virginica
6.8, 3.2, 5.9, 2.3, Iris-virginica
6.7, 3.3, 5.7, 2.5, Iris-virginica
6.7, 3.0, 5.2, 2.3, Iris-virginica
6.5, 3.0, 5.2, 2.0, Iris-virginica
6.2, 3.4, 5.4, 2.3, Iris-virginica
5.9, 3.0, 5.1, 1.8, Iris-virginica

--------------------------------------------------------------------------------

Cluster: 1
Center (Standardized): -0.16784348803854565, -0.9668424615335489, 0.25875393385553414, 0.1755095901382364
Center (Unstandardized): 5.7043478260869565, 2.634782608695652, 4.215217391304348, 1.3326086956521739
Max Dist. to Center (Standardized):  2.69668330602086
Min Dist. to Center (Standardized):  0.20100522139462676
Avg Dist. to Center (Standardized):  0.8704547186083056
Sum of Squared Error (Standardized): 42.83389051032939
46 Points (Standardized):
-1.6222536920013295, -1.7389527035796315, -1.393469854952816, -1.1775588255022478
-0.41462067066038977, -1.7389527035796315, 0.13677768099048823, 0.13278111385485278
-0.1730940663922016, -0.5858010433809375, 0.42015685431332234, 0.13278111385485278
-1.1392004834649532, -1.5083223715398926, -0.25995316166147964, -0.26032086795227743
-0.7769105770626714, -0.8164313754206755, 0.08010184632592135, 0.26381510779056266
-1.0184371813308597, -2.430843699698847, -0.1466014923323459, -0.26032086795227743
0.06843253787598655, -0.12454037930145956, 0.25012935031962197, 0.3948491017262728
0.1891958400100801, -1.9695830356193693, 0.13677768099048823, -0.26032086795227743
0.30995914214417364, -0.35517071134119854, 0.533508523642456, 0.26381510779056266
-0.29385736852629624, -0.35517071134119854, -0.08992565766777902, 0.13278111385485278
-0.29385736852629624, -0.12454037930145956, 0.42015685431332234, 0.3948491017262728
-0.05233076425810806, -0.8164313754206755, 0.19345351565505484, -0.26032086795227743
0.4307224442782682, -1.9695830356193693, 0.42015685431332234, 0.3948491017262728
-0.29385736852629624, -1.2776920395001534, 0.08010184632592135, -0.12928687401656727
0.30995914214417364, -0.5858010433809375, 0.13677768099048823, 0.13278111385485278
0.5514857464123618, -1.2776920395001534, 0.6468601929715898, 0.3948491017262728
0.30995914214417364, -0.5858010433809375, 0.533508523642456, 0.0017471199191426083
0.6722490485464564, -0.35517071134119854, 0.3068051849841886, 0.13278111385485278
0.1891958400100801, -0.35517071134119854, 0.42015685431332234, 0.3948491017262728
-0.1730940663922016, -1.0470617074604145, -0.1466014923323459, -0.26032086795227743
-0.41462067066038977, -1.5083223715398926, 0.023426011661354475, -0.12928687401656727
-0.41462067066038977, -1.5083223715398926, -0.03324982300321215, -0.26032086795227743
-0.05233076425810806, -0.8164313754206755, 0.08010184632592135, 0.0017471199191426083
0.1891958400100801, -0.8164313754206755, 0.7602118623007231, 0.525883095661983
-0.5353839727944832, -0.12454037930145956, 0.42015685431332234, 0.3948491017262728
0.5514857464123618, -1.7389527035796315, 0.36348101964875573, 0.13278111385485278
-0.29385736852629624, -0.12454037930145956, 0.19345351565505484, 0.13278111385485278
-0.41462067066038977, -1.2776920395001534, 0.13677768099048823, 0.13278111385485278
-0.41462067066038977, -1.0470617074604145, 0.36348101964875573, 0.0017471199191426083
0.30995914214417364, -0.12454037930145956, 0.476832688977889, 0.26381510779056266
-0.05233076425810806, -1.0470617074604145, 0.13677768099048823, 0.0017471199191426083
-1.0184371813308597, -1.7389527035796315, -0.25995316166147964, -0.26032086795227743
-0.29385736852629624, -0.8164313754206755, 0.25012935031962197, 0.13278111385485278
-0.1730940663922016, -0.12454037930145956, 0.25012935031962197, 0.0017471199191426083
-0.1730940663922016, -0.35517071134119854, 0.25012935031962197, 0.13278111385485278
0.4307224442782682, -0.35517071134119854, 0.3068051849841886, 0.13278111385485278
-0.8976738791967661, -1.2776920395001534, -0.42998066565518, -0.12928687401656727
-0.1730940663922016, -0.5858010433809375, 0.19345351565505484, 0.13278111385485278
-0.05233076425810806, -0.8164313754206755, 0.7602118623007231, 0.9189850774691128
-1.1392004834649532, -1.2776920395001534, 0.42015685431332234, 0.6569170895976928
-0.1730940663922016, -1.2776920395001534, 0.7035360276361565, 1.050019071404823
0.1891958400100801, -1.9695830356193693, 0.7035360276361565, 0.3948491017262728
-0.29385736852629624, -0.5858010433809375, 0.6468601929715898, 1.050019071404823
0.30995914214417364, -1.0470617074604145, 1.0435910356235572, 0.26381510779056266
-0.05233076425810806, -0.8164313754206755, 0.7602118623007231, 0.9189850774691128
0.5514857464123618, -1.2776920395001534, 0.7035360276361565, 0.9189850774691128
46 Points (Unstandardized):
4.5, 2.3, 1.3, 0.3, Iris-setosa
5.5, 2.3, 4.0, 1.3, Iris-versicolor
5.7, 2.8, 4.5, 1.3, Iris-versicolor
4.9, 2.4, 3.3, 1.0, Iris-versicolor
5.2, 2.7, 3.9, 1.4, Iris-versicolor
5.0, 2.0, 3.5, 1.0, Iris-versicolor
5.9, 3.0, 4.2, 1.5, Iris-versicolor
6.0, 2.2, 4.0, 1.0, Iris-versicolor
6.1, 2.9, 4.7, 1.4, Iris-versicolor
5.6, 2.9, 3.6, 1.3, Iris-versicolor
5.6, 3.0, 4.5, 1.5, Iris-versicolor
5.8, 2.7, 4.1, 1.0, Iris-versicolor
6.2, 2.2, 4.5, 1.5, Iris-versicolor
5.6, 2.5, 3.9, 1.1, Iris-versicolor
6.1, 2.8, 4.0, 1.3, Iris-versicolor
6.3, 2.5, 4.9, 1.5, Iris-versicolor
6.1, 2.8, 4.7, 1.2, Iris-versicolor
6.4, 2.9, 4.3, 1.3, Iris-versicolor
6.0, 2.9, 4.5, 1.5, Iris-versicolor
5.7, 2.6, 3.5, 1.0, Iris-versicolor
5.5, 2.4, 3.8, 1.1, Iris-versicolor
5.5, 2.4, 3.7, 1.0, Iris-versicolor
5.8, 2.7, 3.9, 1.2, Iris-versicolor
6.0, 2.7, 5.1, 1.6, Iris-versicolor
5.4, 3.0, 4.5, 1.5, Iris-versicolor
6.3, 2.3, 4.4, 1.3, Iris-versicolor
5.6, 3.0, 4.1, 1.3, Iris-versicolor
5.5, 2.5, 4.0, 1.3, Iris-versicolor
5.5, 2.6, 4.4, 1.2, Iris-versicolor
6.1, 3.0, 4.6, 1.4, Iris-versicolor
5.8, 2.6, 4.0, 1.2, Iris-versicolor
5.0, 2.3, 3.3, 1.0, Iris-versicolor
5.6, 2.7, 4.2, 1.3, Iris-versicolor
5.7, 3.0, 4.2, 1.2, Iris-versicolor
5.7, 2.9, 4.2, 1.3, Iris-versicolor
6.2, 2.9, 4.3, 1.3, Iris-versicolor
5.1, 2.5, 3.0, 1.1, Iris-versicolor
5.7, 2.8, 4.1, 1.3, Iris-versicolor
5.8, 2.7, 5.1, 1.9, Iris-virginica
4.9, 2.5, 4.5, 1.7, Iris-virginica
5.7, 2.5, 5.0, 2.0, Iris-virginica
6.0, 2.2, 5.0, 1.5, Iris-virginica
5.6, 2.8, 4.9, 2.0, Iris-virginica
6.1, 2.6, 5.6, 1.4, Iris-virginica
5.8, 2.7, 5.1, 1.9, Iris-virginica
6.3, 2.5, 5.0, 1.9, Iris-virginica

--------------------------------------------------------------------------------

Cluster: 2
Center (Standardized): -0.9987207238395793, 0.8921157782614709, -1.2986245806161953, -1.25243539346551
Center (Unstandardized): 5.016326530612244, 3.440816326530612, 1.467346938775508, 0.24285714285714344
Max Dist. to Center (Standardized):  2.370251137788773
Min Dist. to Center (Standardized):  0.11289928232894546
Avg Dist. to Center (Standardized):  0.7845521580838924
Sum of Squared Error (Standardized): 40.978912294231
49 Points (Standardized):
-0.8976738791967661, 1.0286112808972343, -1.3367940202882493, -1.308592819437958
-1.1392004834649532, -0.12454037930145956, -1.3367940202882493, -1.308592819437958
-1.3807270877331412, 0.3367202847780184, -1.393469854952816, -1.308592819437958
-1.5014903898672358, 0.10608995273827942, -1.2801181856236823, -1.308592819437958
-1.0184371813308597, 1.2592416129369732, -1.3367940202882493, -1.308592819437958
-0.5353839727944832, 1.9511326090561893, -1.1667665162945489, -1.0465248315665376
-1.5014903898672358, 0.7979809488574954, -1.3367940202882493, -1.1775588255022478
-1.0184371813308597, 0.7979809488574954, -1.2801181856236823, -1.308592819437958
-1.743016994135423, -0.35517071134119854, -1.3367940202882493, -1.308592819437958
-1.1392004834649532, 0.10608995273827942, -1.2801181856236823, -1.4396268133736678
-0.5353839727944832, 1.4898719449767124, -1.2801181856236823, -1.308592819437958
-1.2599637855990478, 0.7979809488574954, -1.2234423509591155, -1.308592819437958
-1.2599637855990478, -0.12454037930145956, -1.3367940202882493, -1.4396268133736678
-1.8637802962695176, -0.12454037930145956, -1.5068215242819496, -1.4396268133736678
-0.05233076425810806, 2.1817629410959283, -1.450145689617383, -1.308592819437958
-0.1730940663922016, 3.104284269254884, -1.2801181856236823, -1.0465248315665376
-0.5353839727944832, 1.9511326090561893, -1.393469854952816, -1.0465248315665376
-0.8976738791967661, 1.0286112808972343, -1.3367940202882493, -1.1775588255022478
-0.1730940663922016, 1.7205022770164502, -1.1667665162945489, -1.1775588255022478
-0.8976738791967661, 1.7205022770164502, -1.2801181856236823, -1.1775588255022478
-0.5353839727944832, 0.7979809488574954, -1.1667665162945489, -1.308592819437958
-0.8976738791967661, 1.4898719449767124, -1.2801181856236823, -1.0465248315665376
-1.5014903898672358, 1.2592416129369732, -1.5634973589465164, -1.308592819437958
-0.8976738791967661, 0.5673506168177563, -1.1667665162945489, -0.9154908376308276
-1.2599637855990478, 0.7979809488574954, -1.0534148469654152, -1.308592819437958
-1.0184371813308597, -0.12454037930145956, -1.2234423509591155, -1.308592819437958
-1.0184371813308597, 0.7979809488574954, -1.2234423509591155, -1.0465248315665376
-0.7769105770626714, 1.0286112808972343, -1.2801181856236823, -1.308592819437958
-0.7769105770626714, 0.7979809488574954, -1.3367940202882493, -1.308592819437958
-1.3807270877331412, 0.3367202847780184, -1.2234423509591155, -1.308592819437958
-1.2599637855990478, 0.10608995273827942, -1.2234423509591155, -1.308592819437958
-0.5353839727944832, 0.7979809488574954, -1.2801181856236823, -1.0465248315665376
-0.7769105770626714, 2.4123932731356663, -1.2801181856236823, -1.4396268133736678
-0.41462067066038977, 2.643023605175406, -1.3367940202882493, -1.308592819437958
-1.1392004834649532, 0.10608995273827942, -1.2801181856236823, -1.4396268133736678
-1.0184371813308597, 0.3367202847780184, -1.450145689617383, -1.308592819437958
-0.41462067066038977, 1.0286112808972343, -1.393469854952816, -1.308592819437958
-1.1392004834649532, 0.10608995273827942, -1.2801181856236823, -1.4396268133736678
-1.743016994135423, -0.12454037930145956, -1.393469854952816, -1.308592819437958
-0.8976738791967661, 0.7979809488574954, -1.2801181856236823, -1.308592819437958
-1.0184371813308597, 1.0286112808972343, -1.393469854952816, -1.1775588255022478
-1.743016994135423, 0.3367202847780184, -1.393469854952816, -1.308592819437958
-1.0184371813308597, 1.0286112808972343, -1.2234423509591155, -0.7844568436951177
-0.8976738791967661, 1.7205022770164502, -1.0534148469654152, -1.0465248315665376
-1.2599637855990478, -0.12454037930145956, -1.3367940202882493, -1.1775588255022478
-0.8976738791967661, 1.7205022770164502, -1.2234423509591155, -1.308592819437958
-1.5014903898672358, 0.3367202847780184, -1.3367940202882493, -1.308592819437958
-0.6561472749285779, 1.4898719449767124, -1.2801181856236823, -1.308592819437958
-1.0184371813308597, 0.5673506168177563, -1.3367940202882493, -1.308592819437958
49 Points (Unstandardized):
5.1, 3.5, 1.4, 0.2, Iris-setosa
4.9, 3.0, 1.4, 0.2, Iris-setosa
4.7, 3.2, 1.3, 0.2, Iris-setosa
4.6, 3.1, 1.5, 0.2, Iris-setosa
5.0, 3.6, 1.4, 0.2, Iris-setosa
5.4, 3.9, 1.7, 0.4, Iris-setosa
4.6, 3.4, 1.4, 0.3, Iris-setosa
5.0, 3.4, 1.5, 0.2, Iris-setosa
4.4, 2.9, 1.4, 0.2, Iris-setosa
4.9, 3.1, 1.5, 0.1, Iris-setosa
5.4, 3.7, 1.5, 0.2, Iris-setosa
4.8, 3.4, 1.6, 0.2, Iris-setosa
4.8, 3.0, 1.4, 0.1, Iris-setosa
4.3, 3.0, 1.1, 0.1, Iris-setosa
5.8, 4.0, 1.2, 0.2, Iris-setosa
5.7, 4.4, 1.5, 0.4, Iris-setosa
5.4, 3.9, 1.3, 0.4, Iris-setosa
5.1, 3.5, 1.4, 0.3, Iris-setosa
5.7, 3.8, 1.7, 0.3, Iris-setosa
5.1, 3.8, 1.5, 0.3, Iris-setosa
5.4, 3.4, 1.7, 0.2, Iris-setosa
5.1, 3.7, 1.5, 0.4, Iris-setosa
4.6, 3.6, 1.0, 0.2, Iris-setosa
5.1, 3.3, 1.7, 0.5, Iris-setosa
4.8, 3.4, 1.9, 0.2, Iris-setosa
5.0, 3.0, 1.6, 0.2, Iris-setosa
5.0, 3.4, 1.6, 0.4, Iris-setosa
5.2, 3.5, 1.5, 0.2, Iris-setosa
5.2, 3.4, 1.4, 0.2, Iris-setosa
4.7, 3.2, 1.6, 0.2, Iris-setosa
4.8, 3.1, 1.6, 0.2, Iris-setosa
5.4, 3.4, 1.5, 0.4, Iris-setosa
5.2, 4.1, 1.5, 0.1, Iris-setosa
5.5, 4.2, 1.4, 0.2, Iris-setosa
4.9, 3.1, 1.5, 0.1, Iris-setosa
5.0, 3.2, 1.2, 0.2, Iris-setosa
5.5, 3.5, 1.3, 0.2, Iris-setosa
4.9, 3.1, 1.5, 0.1, Iris-setosa
4.4, 3.0, 1.3, 0.2, Iris-setosa
5.1, 3.4, 1.5, 0.2, Iris-setosa
5.0, 3.5, 1.3, 0.3, Iris-setosa
4.4, 3.2, 1.3, 0.2, Iris-setosa
5.0, 3.5, 1.6, 0.6, Iris-setosa
5.1, 3.8, 1.9, 0.4, Iris-setosa
4.8, 3.0, 1.4, 0.3, Iris-setosa
5.1, 3.8, 1.6, 0.2, Iris-setosa
4.6, 3.2, 1.4, 0.2, Iris-setosa
5.3, 3.7, 1.5, 0.2, Iris-setosa
5.0, 3.3, 1.4, 0.2, Iris-setosa

