Data: planets.csv
Number of Clusters: 3
Standardized Data: True

Intercluster Distances (Standardized):
          0         1         2
0       0.0  3.795714   2.04793
1  3.795714       0.0  3.747368
2   2.04793  3.747368       0.0

--------------------------------------------------------------------------------
--------------------------------------------------------------------------------

Cluster: 0
Center (Standardized): -0.23732088497941226, -0.3710856268808155, -0.04987184007533069
Center (Unstandardized): 111.561375, 4.4791875, 2.6359125
Max Dist. to Center (Standardized):  2.1887010187551166
Min Dist. to Center (Standardized):  0.656108621534575
Avg Dist. to Center (Standardized):  1.1798475098900223
Sum of Squared Error (Standardized): 24.7120604833183
16 Points (Standardized):
1924TZ -0.854439 -0.101279  0.322348
1929EC -0.195385 -0.771811  1.234494
1930SY -0.604732 -0.339523 -1.129452
1931DQ -0.738569 -0.322285  0.370661
1935RF -0.006121 -0.331346 -0.967121
1936AB -0.637032  0.097626  0.588068
1938DL  0.049831 -1.140007 -0.136624
1941FD  0.009217 -0.322285 -1.271974
1948RB  0.754613 -0.963202  0.877945
1948RH  0.390277  0.849047 -1.755102
1948RO -0.496076 -0.896900  1.675106
1949HM -0.604732 -0.339523 -1.125587
1951AM -0.195385 -0.771811  1.234494
1951AX  0.258877  0.075526 -0.498970
1952DA -0.911252 -0.357204  0.912489
1955QT -0.016227 -0.302394 -1.128727
16 Points (Unstandardized):
1924TZ   59.900   5.700  2.7900
1929EC  115.072   2.666  3.1676
1930SY   80.804   4.622  2.1890
1931DQ   69.600   4.700  2.8100
1935RF  130.916   4.659  2.2562
1936AB   78.100   6.600  2.9000
1938DL  135.600   1.000  2.6000
1941FD  132.200   4.700  2.1300
1948RB  194.600   1.800  3.0200
1948RH  164.100  10.000  1.9300
1948RO   89.900   2.100  3.3500
1949HM   80.804   4.622  2.1906
1951AM  115.072   2.666  3.1676
1951AX  153.100   6.500  2.4500
1952DA   55.144   4.542  3.0343
1955QT  130.070   4.790  2.1893

--------------------------------------------------------------------------------

Cluster: 1
Center (Standardized): 2.479285896015453, 2.267904385984089, 0.20156608203799442
Center (Unstandardized): 338.979, 16.419999999999998, 2.74
Max Dist. to Center (Standardized):  0.07995275903083886
Min Dist. to Center (Standardized):  0.07995275903083837
Avg Dist. to Center (Standardized):  0.07995275903083862
Sum of Squared Error (Standardized): 0.012784887353286692
2 Points (Standardized):
1940YL  2.471569  2.345919  0.217268
1953NH  2.487003  2.189889  0.185864
2 Points (Unstandardized):
1940YL  338.333  16.773  2.7465
1953NH  339.625  16.067  2.7335

--------------------------------------------------------------------------------

Cluster: 2
Center (Standardized): -1.1614376323603008, 1.4015612581248729, 0.3948172771292972
Center (Unstandardized): 34.2, 12.5, 2.82
Max Dist. to Center (Standardized):  0.0
Min Dist. to Center (Standardized):  0.0
Avg Dist. to Center (Standardized):  0.0
Sum of Squared Error (Standardized): 0.0
1 Points (Standardized):
1948TG -1.161438  1.401561  0.394817
1 Points (Unstandardized):
1948TG  34.2  12.5  2.82

