Data: planets.csv
Number of Clusters: 3
Standardized Data: True

Intercluster Distances (Standardized):
          0         1         2
0  0.000000  4.063050  3.649743
1  4.063050  0.000000  1.851949
2  3.649743  1.851949  0.000000

--------------------------------------------------------------------------------
--------------------------------------------------------------------------------

Cluster: 0
Center (Standardized): 2.4792858960154533, 2.267904385984089, 0.20156608203799442
Center (Unstandardized): 338.97900000000004, 16.419999999999998, 2.74
Max Dist. to Center (Standardized):  0.07995275903083886
Min Dist. to Center (Standardized):  0.07995275903083841
Avg Dist. to Center (Standardized):  0.07995275903083864
Sum of Squared Error (Standardized): 0.012784887353286698
2 Points (Standardized):
1940YL  2.471569  2.345919  0.217268
1953NH  2.487003  2.189889  0.185864
2 Points (Unstandardized):
1940YL  338.333  16.773  2.7465
1953NH  339.625  16.067  2.7335

--------------------------------------------------------------------------------

Cluster: 1
Center (Standardized): -0.3581881409471545, -0.5807634397085476, 0.7865535538456268
Center (Unstandardized): 101.44311111111111, 3.5304444444444445, 2.9821666666666666
Max Dist. to Center (Standardized):  1.180228115135648
Min Dist. to Center (Standardized):  0.5134728570447048
Avg Dist. to Center (Standardized):  0.7928292657561908
Sum of Squared Error (Standardized): 6.185423844588443
9 Points (Standardized):
1929EC -0.195385 -0.771811  1.234494
1948RO -0.496076 -0.896900  1.675106
1951AM -0.195385 -0.771811  1.234494
1938DL  0.049831 -1.140007 -0.136624
1924TZ -0.854439 -0.101279  0.322348
1931DQ -0.738569 -0.322285  0.370661
1936AB -0.637032  0.097626  0.588068
1952DA -0.911252 -0.357204  0.912489
1948RB  0.754613 -0.963202  0.877945
9 Points (Unstandardized):
1929EC  115.072  2.666  3.1676
1948RO   89.900  2.100  3.3500
1951AM  115.072  2.666  3.1676
1938DL  135.600  1.000  2.6000
1924TZ   59.900  5.700  2.7900
1931DQ   69.600  4.700  2.8100
1936AB   78.100  6.600  2.9000
1952DA   55.144  4.542  3.0343
1948RB  194.600  1.800  3.0200

--------------------------------------------------------------------------------

Cluster: 2
Center (Standardized): -0.21685981543831323, 0.08638277317609419, -0.9352642685858292
Center (Unstandardized): 113.27425, 6.549125, 2.2693875
Max Dist. to Center (Standardized):  2.0954805219197845
Min Dist. to Center (Standardized):  0.4689594405928207
Avg Dist. to Center (Standardized):  0.8440596561982303
Sum of Squared Error (Standardized): 7.948097767172387
8 Points (Standardized):
1935RF -0.006121 -0.331346 -0.967121
1941FD  0.009217 -0.322285 -1.271974
1955QT -0.016227 -0.302394 -1.128727
1930SY -0.604732 -0.339523 -1.129452
1949HM -0.604732 -0.339523 -1.125587
1951AX  0.258877  0.075526 -0.498970
1948RH  0.390277  0.849047 -1.755102
1948TG -1.161438  1.401561  0.394817
8 Points (Unstandardized):
1935RF  130.916   4.659  2.2562
1941FD  132.200   4.700  2.1300
1955QT  130.070   4.790  2.1893
1930SY   80.804   4.622  2.1890
1949HM   80.804   4.622  2.1906
1951AX  153.100   6.500  2.4500
1948RH  164.100  10.000  1.9300
1948TG   34.200  12.500  2.8200

